Using pre-set license
Built from '2020.3/staging' branch; Version is '2020.3.17f1 (a4537701e4ab) revision 10769271'; Using compiler version '192528614'; Build Type 'Release'
OS: 'Windows 10 Home; OS build 19043.1288; Version 2009; 64bit' Language: 'en' Physical Memory: 16310 MB
BatchMode: 1, IsHumanControllingUs: 0, StartBugReporterOnCrash: 0, Is64bit: 1, IsPro: 0

COMMAND LINE ARGUMENTS:
C:\Program Files\Unity\Hub\Editor\2020.3.17f1\Editor\Unity.exe
-adb2
-batchMode
-noUpm
-name
AssetImportWorker0
-projectPath
C:/Users/Kevin/Unity Projects/FinalProject-HCI580
-logFile
Logs/AssetImportWorker0.log
-srvPort
56485
Successfully changed project path to: C:/Users/Kevin/Unity Projects/FinalProject-HCI580
C:/Users/Kevin/Unity Projects/FinalProject-HCI580
Using Asset Import Pipeline V2.
Refreshing native plugins compatible for Editor in 885.99 ms, found 6 plugins.
Preloading 1 native plugins for Editor in 0.78 ms.
Initialize engine version: 2020.3.17f1 (a4537701e4ab)
[Subsystems] Discovering subsystems at path C:/Program Files/Unity/Hub/Editor/2020.3.17f1/Editor/Data/Resources/UnitySubsystems
[Subsystems] Discovering subsystems at path C:/Users/Kevin/Unity Projects/FinalProject-HCI580/Assets
GfxDevice: creating device client; threaded=0
Direct3D:
    Version:  Direct3D 11.0 [level 11.1]
    Renderer: NVIDIA GeForce RTX 2070 SUPER (ID=0x1e84)
    Vendor:   
    VRAM:     8011 MB
    Driver:   27.21.14.6589
Shader 'Oculus/OVRMRCameraFrameLit': fallback shader 'Alpha-Diffuse' not found
Initialize mono
Mono path[0] = 'C:/Program Files/Unity/Hub/Editor/2020.3.17f1/Editor/Data/Managed'
Mono path[1] = 'C:/Program Files/Unity/Hub/Editor/2020.3.17f1/Editor/Data/MonoBleedingEdge/lib/mono/unityjit'
Mono config path = 'C:/Program Files/Unity/Hub/Editor/2020.3.17f1/Editor/Data/MonoBleedingEdge/etc'
Using monoOptions --debugger-agent=transport=dt_socket,embedding=1,server=y,suspend=n,address=127.0.0.1:56216
Begin MonoManager ReloadAssembly
Registering precompiled unity dll's ...
Register platform support module: C:/Program Files/Unity/Hub/Editor/2020.3.17f1/Editor/Data/PlaybackEngines/WindowsStandaloneSupport/UnityEditor.WindowsStandalone.Extensions.dll
Registered in 0.105902 seconds.
Native extension for WindowsStandalone target not found
Refreshing native plugins compatible for Editor in 52.14 ms, found 6 plugins.
Preloading 1 native plugins for Editor in 0.06 ms.
Mono: successfully reloaded assembly
- Completed reload, in  4.287 seconds
Domain Reload Profiling:
	ReloadAssembly (4287ms)
		BeginReloadAssembly (2110ms)
			ExecutionOrderSort (0ms)
			DisableScriptedObjects (0ms)
			BackupInstance (0ms)
			ReleaseScriptingObjects (0ms)
			CreateAndSetChildDomain (1ms)
		EndReloadAssembly (629ms)
			LoadAssemblies (2107ms)
			RebuildTransferFunctionScriptingTraits (0ms)
			SetupTypeCache (354ms)
			ReleaseScriptCaches (0ms)
			RebuildScriptCaches (27ms)
			SetupLoadedEditorAssemblies (165ms)
				LogAssemblyErrors (0ms)
				InitializePlatformSupportModulesInManaged (3ms)
				SetLoadedEditorAssemblies (0ms)
				RefreshPlugins (52ms)
				BeforeProcessingInitializeOnLoad (12ms)
				ProcessInitializeOnLoadAttributes (69ms)
				ProcessInitializeOnLoadMethodAttributes (29ms)
				AfterProcessingInitializeOnLoad (0ms)
				EditorAssembliesLoaded (0ms)
			ExecutionOrderSort2 (0ms)
			AwakeInstancesAfterBackupRestoration (0ms)
Platform modules already initialized, skipping
Registering precompiled user dll's ...
Registered in 0.449099 seconds.
Begin MonoManager ReloadAssembly
Native extension for WindowsStandalone target not found
Refreshing native plugins compatible for Editor in 0.79 ms, found 6 plugins.
Preloading 1 native plugins for Editor in 0.07 ms.
[XR] OculusXRPlugin: registering subsystems
[XR] Unable to register display lifecyle provider: [1]
[XR] Oculus Input lifecycle provider registered.
[XR] Unable to register input lifecyle provider: [1]
[XR] OVRP version 1.65.0
Mono: successfully reloaded assembly
- Completed reload, in  3.686 seconds
Domain Reload Profiling:
	ReloadAssembly (3692ms)
		BeginReloadAssembly (138ms)
			ExecutionOrderSort (0ms)
			DisableScriptedObjects (5ms)
			BackupInstance (0ms)
			ReleaseScriptingObjects (0ms)
			CreateAndSetChildDomain (22ms)
		EndReloadAssembly (3495ms)
			LoadAssemblies (2035ms)
			RebuildTransferFunctionScriptingTraits (0ms)
			SetupTypeCache (778ms)
			ReleaseScriptCaches (1ms)
			RebuildScriptCaches (46ms)
			SetupLoadedEditorAssemblies (533ms)
				LogAssemblyErrors (0ms)
				InitializePlatformSupportModulesInManaged (4ms)
				SetLoadedEditorAssemblies (0ms)
				RefreshPlugins (1ms)
				BeforeProcessingInitializeOnLoad (100ms)
				ProcessInitializeOnLoadAttributes (409ms)
				ProcessInitializeOnLoadMethodAttributes (11ms)
				AfterProcessingInitializeOnLoad (7ms)
				EditorAssembliesLoaded (0ms)
			ExecutionOrderSort2 (0ms)
			AwakeInstancesAfterBackupRestoration (6ms)
Platform modules already initialized, skipping
========================================================================
Worker process is ready to serve import requests
Shader 'Oculus/OVRMRCameraFrameLit': fallback shader 'Alpha-Diffuse' not found
Launched and connected shader compiler UnityShaderCompiler.exe after 0.08 seconds
Refreshing native plugins compatible for Editor in 0.82 ms, found 6 plugins.
Preloading 1 native plugins for Editor in 0.07 ms.
Unloading 2090 Unused Serialized files (Serialized files now loaded: 0)
System memory in use before: 99.3 MB.
System memory in use after: 99.3 MB.

Unloading 44 unused Assets to reduce memory usage. Loaded Objects now: 2503.
Total: 3.466700 ms (FindLiveObjects: 0.274200 ms CreateObjectMapping: 0.051400 ms MarkObjects: 3.012800 ms  DeleteObjects: 0.126400 ms)

AssetImportParameters requested are different than current active one (requested -> active):
  custom:framework-win-MediaFoundation: 216162199b28c13a410421893ffa2e32 -> 
  custom:video-decoder-ogg-theora: a1e56fd34408186e4bbccfd4996cb3dc -> 
  custom:container-muxer-webm: aa71ff27fc2769a1b78a27578f13a17b -> 
  custom:container-demuxer-webm: 4f35f7cbe854078d1ac9338744f61a02 -> 
  custom:container-demuxer-ogg: 62fdf1f143b41e24485cea50d1cbac27 -> 
  custom:video-encoder-webm-vp8: eb34c28f22e8b96e1ab97ce403110664 -> 
  custom:video-decoder-webm-vp8: 9c59270c3fd7afecdb556c50c9e8de78 -> 
  custom:audio-decoder-ogg-vorbis: bf7c407c2cedff20999df2af8eb42d56 -> 
  custom:audio-encoder-webm-vorbis: bf7c407c2cedff20999df2af8eb42d56 -> 
========================================================================
Received Import Request.
  path: Assets/Resources/OVRPlatformToolSettings.asset
  artifactKey: Guid(fbd21818ced730f40ab0f7a105587ae2) Importer(815301076,1909f56bfc062723c751e8b465ee728b)
Start importing Assets/Resources/OVRPlatformToolSettings.asset using Guid(fbd21818ced730f40ab0f7a105587ae2) Importer(815301076,1909f56bfc062723c751e8b465ee728b)  -> (artifact id: '47c5765b2c7d30a7787c05349670d9f3') in 0.067347 seconds 
  Import took 0.071397 seconds .

========================================================================
Received Import Request.
  Time since last request: 17.161533 seconds.
  path: Assets/Oculus/SampleFramework/Usage/HandsTrainExample/TrainScene
  artifactKey: Guid(a06feeefbad7b8f4da15b5a15c5f6e11) Importer(815301076,1909f56bfc062723c751e8b465ee728b)
Start importing Assets/Oculus/SampleFramework/Usage/HandsTrainExample/TrainScene using Guid(a06feeefbad7b8f4da15b5a15c5f6e11) Importer(815301076,1909f56bfc062723c751e8b465ee728b)  -> (artifact id: '84e9e698141b13b0f6781357d91849db') in 0.005609 seconds 
  Import took 0.009191 seconds .

========================================================================
Received Import Request.
  Time since last request: 0.006937 seconds.
  path: Assets/Oculus/SampleFramework/Usage/HandsTrainExample/TrainScene
  artifactKey: Guid(a06feeefbad7b8f4da15b5a15c5f6e11) Importer(815301076,1909f56bfc062723c751e8b465ee728b)
Start importing Assets/Oculus/SampleFramework/Usage/HandsTrainExample/TrainScene using Guid(a06feeefbad7b8f4da15b5a15c5f6e11) Importer(815301076,1909f56bfc062723c751e8b465ee728b)  -> (artifact id: '84e9e698141b13b0f6781357d91849db') in 0.002533 seconds 
  Import took 0.006096 seconds .

========================================================================
Received Import Request.
  Time since last request: 0.061947 seconds.
  path: Assets/Oculus/SampleFramework/Usage/HandsTrainExample/TrainScene/LightingData.asset
  artifactKey: Guid(89dbbe81f8feac946ad8422162c38220) Importer(815301076,1909f56bfc062723c751e8b465ee728b)
Start importing Assets/Oculus/SampleFramework/Usage/HandsTrainExample/TrainScene/LightingData.asset using Guid(89dbbe81f8feac946ad8422162c38220) Importer(815301076,1909f56bfc062723c751e8b465ee728b)  -> (artifact id: 'a34ba0921c3be1f4be6efeee9d0ed464') in 0.013960 seconds 
  Import took 0.017392 seconds .

========================================================================
Received Import Request.
  Time since last request: 0.000224 seconds.
  path: Assets/Oculus/SampleFramework/Usage/HandsTrainExample/TrainScene/Lightmap-28_comp_light.exr
  artifactKey: Guid(993d6e04e83d4dc4fa14c2c4284f863f) Importer(815301076,1909f56bfc062723c751e8b465ee728b)
Start importing Assets/Oculus/SampleFramework/Usage/HandsTrainExample/TrainScene/Lightmap-28_comp_light.exr using Guid(993d6e04e83d4dc4fa14c2c4284f863f) Importer(815301076,1909f56bfc062723c751e8b465ee728b)  -> (artifact id: '57457fe0466b270d04103a36de40464f') in 0.059954 seconds 
  Import took 0.063422 seconds .

========================================================================
Received Import Request.
  Time since last request: 0.000232 seconds.
  path: Assets/Oculus/SampleFramework/Usage/HandsTrainExample/TrainScene/Lightmap-25_comp_dir.png
  artifactKey: Guid(b5eb5f09424bb7d41b8216ee4fcd40cc) Importer(815301076,1909f56bfc062723c751e8b465ee728b)
Start importing Assets/Oculus/SampleFramework/Usage/HandsTrainExample/TrainScene/Lightmap-25_comp_dir.png using Guid(b5eb5f09424bb7d41b8216ee4fcd40cc) Importer(815301076,1909f56bfc062723c751e8b465ee728b)  -> (artifact id: '63c5a494a5f24ed9b2b7420e6075ee46') in 0.074550 seconds 
  Import took 0.078397 seconds .

========================================================================
Received Import Request.
  Time since last request: 0.000156 seconds.
  path: Assets/Oculus/SampleFramework/Usage/HandsTrainExample/TrainScene/Lightmap-13_comp_dir.png
  artifactKey: Guid(031557c82d7db414ebf9abc7a2c57a6e) Importer(815301076,1909f56bfc062723c751e8b465ee728b)
Start importing Assets/Oculus/SampleFramework/Usage/HandsTrainExample/TrainScene/Lightmap-13_comp_dir.png using Guid(031557c82d7db414ebf9abc7a2c57a6e) Importer(815301076,1909f56bfc062723c751e8b465ee728b)  -> (artifact id: '1ea594f61acb7693440c6ff502865f8f') in 0.018880 seconds 
  Import took 0.022589 seconds .

========================================================================
Received Import Request.
  Time since last request: 0.000299 seconds.
  path: Assets/Oculus/SampleFramework/Usage/HandsTrainExample/TrainScene/Lightmap-24_comp_light.exr
  artifactKey: Guid(8bc3b51c94085cc4796c223656e118f1) Importer(815301076,1909f56bfc062723c751e8b465ee728b)
Start importing Assets/Oculus/SampleFramework/Usage/HandsTrainExample/TrainScene/Lightmap-24_comp_light.exr using Guid(8bc3b51c94085cc4796c223656e118f1) Importer(815301076,1909f56bfc062723c751e8b465ee728b)  -> (artifact id: 'f9d40ad3d09ef4fd991e38582e236b2c') in 0.016070 seconds 
  Import took 0.019884 seconds .

========================================================================
Received Import Request.
  Time since last request: 0.000162 seconds.
  path: Assets/Oculus/SampleFramework/Usage/HandsTrainExample/TrainScene/Lightmap-19_comp_dir.png
  artifactKey: Guid(c5b3c31a184a9b14ca0407e885edc7f3) Importer(815301076,1909f56bfc062723c751e8b465ee728b)
Start importing Assets/Oculus/SampleFramework/Usage/HandsTrainExample/TrainScene/Lightmap-19_comp_dir.png using Guid(c5b3c31a184a9b14ca0407e885edc7f3) Importer(815301076,1909f56bfc062723c751e8b465ee728b)  -> (artifact id: '579e27bf265d4fc37088dd2e47d75f8b') in 0.018298 seconds 
  Import took 0.021368 seconds .

========================================================================
Received Import Request.
  Time since last request: 0.000128 seconds.
  path: Assets/Oculus/SampleFramework/Usage/HandsTrainExample/TrainScene/Lightmap-1_comp_light.exr
  artifactKey: Guid(f02543222e5a4d144b8947c8947be81a) Importer(815301076,1909f56bfc062723c751e8b465ee728b)
Start importing Assets/Oculus/SampleFramework/Usage/HandsTrainExample/TrainScene/Lightmap-1_comp_light.exr using Guid(f02543222e5a4d144b8947c8947be81a) Importer(815301076,1909f56bfc062723c751e8b465ee728b)  -> (artifact id: '305e7d568787ba2859527668595610fb') in 0.034399 seconds 
  Import took 0.037422 seconds .

========================================================================
Received Import Request.
  Time since last request: 0.000179 seconds.
  path: Assets/Oculus/SampleFramework/Usage/HandsTrainExample/TrainScene/Lightmap-17_comp_dir.png
  artifactKey: Guid(0350be3081c4bb042a4108d90e594585) Importer(815301076,1909f56bfc062723c751e8b465ee728b)
Start importing Assets/Oculus/SampleFramework/Usage/HandsTrainExample/TrainScene/Lightmap-17_comp_dir.png using Guid(0350be3081c4bb042a4108d90e594585) Importer(815301076,1909f56bfc062723c751e8b465ee728b)  -> (artifact id: 'bf4965ed9403fe452f3c50c37583bbdd') in 0.048577 seconds 
  Import took 0.051527 seconds .

========================================================================
Received Import Request.
  Time since last request: 0.000167 seconds.
  path: Assets/Oculus/SampleFramework/Usage/HandsTrainExample/TrainScene/Lightmap-30_comp_light.exr
  artifactKey: Guid(d89f25503dcb43d49ad0a289ff36ac5c) Importer(815301076,1909f56bfc062723c751e8b465ee728b)
Start importing Assets/Oculus/SampleFramework/Usage/HandsTrainExample/TrainScene/Lightmap-30_comp_light.exr using Guid(d89f25503dcb43d49ad0a289ff36ac5c) Importer(815301076,1909f56bfc062723c751e8b465ee728b)  -> (artifact id: '82176e8513063b23c63a0f463710e5d8') in 0.020516 seconds 
  Import took 0.023578 seconds .

========================================================================
Received Import Request.
  Time since last request: 0.000204 seconds.
  path: Assets/Oculus/SampleFramework/Usage/HandsTrainExample/TrainScene/Lightmap-9_comp_dir.png
  artifactKey: Guid(d2b66bf386e4ecc4a96274d3fbd904fe) Importer(815301076,1909f56bfc062723c751e8b465ee728b)
Start importing Assets/Oculus/SampleFramework/Usage/HandsTrainExample/TrainScene/Lightmap-9_comp_dir.png using Guid(d2b66bf386e4ecc4a96274d3fbd904fe) Importer(815301076,1909f56bfc062723c751e8b465ee728b)  -> (artifact id: '91cd92882be03548be7116ddab6b321a') in 0.016120 seconds 
  Import took 0.019196 seconds .

========================================================================
Received Import Request.
  Time since last request: 0.000157 seconds.
  path: Assets/Oculus/SampleFramework/Usage/HandsTrainExample/TrainScene/Lightmap-31_comp_dir.png
  artifactKey: Guid(cdb2da7b40ee5134bba65cfc8010f65e) Importer(815301076,1909f56bfc062723c751e8b465ee728b)
Start importing Assets/Oculus/SampleFramework/Usage/HandsTrainExample/TrainScene/Lightmap-31_comp_dir.png using Guid(cdb2da7b40ee5134bba65cfc8010f65e) Importer(815301076,1909f56bfc062723c751e8b465ee728b)  -> (artifact id: '4a0c236e7fdc8cde7805895172747597') in 0.017931 seconds 
  Import took 0.021144 seconds .

========================================================================
Received Import Request.
  Time since last request: 0.000204 seconds.
  path: Assets/Oculus/SampleFramework/Usage/HandsTrainExample/TrainScene/Lightmap-20_comp_shadowmask.png
  artifactKey: Guid(2a6d7d6fb30540e4aaae65a63067194c) Importer(815301076,1909f56bfc062723c751e8b465ee728b)
Start importing Assets/Oculus/SampleFramework/Usage/HandsTrainExample/TrainScene/Lightmap-20_comp_shadowmask.png using Guid(2a6d7d6fb30540e4aaae65a63067194c) Importer(815301076,1909f56bfc062723c751e8b465ee728b)  -> (artifact id: '6c7a7fb7d6550e5bc3d982e7eaea7c61') in 0.016510 seconds 
  Import took 0.019583 seconds .

========================================================================
Received Import Request.
  Time since last request: 0.000181 seconds.
  path: Assets/Oculus/SampleFramework/Usage/HandsTrainExample/TrainScene/Lightmap-25_comp_light.exr
  artifactKey: Guid(5d4aa2361fbd7f647972ea7d407bdd75) Importer(815301076,1909f56bfc062723c751e8b465ee728b)
Start importing Assets/Oculus/SampleFramework/Usage/HandsTrainExample/TrainScene/Lightmap-25_comp_light.exr using Guid(5d4aa2361fbd7f647972ea7d407bdd75) Importer(815301076,1909f56bfc062723c751e8b465ee728b)  -> (artifact id: 'c57354c984b72b530e8210fba8ae4d43') in 0.017253 seconds 
  Import took 0.020295 seconds .

========================================================================
Received Import Request.
  Time since last request: 0.000197 seconds.
  path: Assets/Oculus/SampleFramework/Usage/HandsTrainExample/TrainScene/Lightmap-16_comp_dir.png
  artifactKey: Guid(6b1f454e1b5a395439c957ab56333809) Importer(815301076,1909f56bfc062723c751e8b465ee728b)
Start importing Assets/Oculus/SampleFramework/Usage/HandsTrainExample/TrainScene/Lightmap-16_comp_dir.png using Guid(6b1f454e1b5a395439c957ab56333809) Importer(815301076,1909f56bfc062723c751e8b465ee728b)  -> (artifact id: '62ff3ce6e6f0b0b2db61b3671316e22a') in 0.017339 seconds 
  Import took 0.020542 seconds .

========================================================================
Received Import Request.
  Time since last request: 0.000186 seconds.
  path: Assets/Oculus/SampleFramework/Usage/HandsTrainExample/TrainScene/Lightmap-8_comp_light.exr
  artifactKey: Guid(d1e8e0b8c20818c43ab8154deb696330) Importer(815301076,1909f56bfc062723c751e8b465ee728b)
Start importing Assets/Oculus/SampleFramework/Usage/HandsTrainExample/TrainScene/Lightmap-8_comp_light.exr using Guid(d1e8e0b8c20818c43ab8154deb696330) Importer(815301076,1909f56bfc062723c751e8b465ee728b)  -> (artifact id: '5279665be9807d97a7e98b6d37590b27') in 0.022531 seconds 
  Import took 0.026190 seconds .

========================================================================
Received Import Request.
  Time since last request: 0.000246 seconds.
  path: Assets/Oculus/SampleFramework/Usage/HandsTrainExample/TrainScene/Lightmap-0_comp_dir.png
  artifactKey: Guid(3e1e7440b4e5ffe49be50693709e4472) Importer(815301076,1909f56bfc062723c751e8b465ee728b)
Start importing Assets/Oculus/SampleFramework/Usage/HandsTrainExample/TrainScene/Lightmap-0_comp_dir.png using Guid(3e1e7440b4e5ffe49be50693709e4472) Importer(815301076,1909f56bfc062723c751e8b465ee728b)  -> (artifact id: 'cc34d60e371d08bd6cf8d658fc9a3a9f') in 0.042620 seconds 
  Import took 0.045911 seconds .

========================================================================
Received Import Request.
  Time since last request: 0.000175 seconds.
  path: Assets/Oculus/SampleFramework/Usage/HandsTrainExample/TrainScene/Lightmap-27_comp_dir.png
  artifactKey: Guid(6e83fb2ba2e14df43bc7c9b1a8c11623) Importer(815301076,1909f56bfc062723c751e8b465ee728b)
Start importing Assets/Oculus/SampleFramework/Usage/HandsTrainExample/TrainScene/Lightmap-27_comp_dir.png using Guid(6e83fb2ba2e14df43bc7c9b1a8c11623) Importer(815301076,1909f56bfc062723c751e8b465ee728b)  -> (artifact id: 'ad482d63f2232b12355872aaa5b57c8d') in 0.034565 seconds 
  Import took 0.038446 seconds .

========================================================================
Received Import Request.
  Time since last request: 0.000270 seconds.
  path: Assets/Oculus/SampleFramework/Usage/HandsTrainExample/TrainScene/Lightmap-28_comp_shadowmask.png
  artifactKey: Guid(19859e0c03452054887ceffabffc3b6f) Importer(815301076,1909f56bfc062723c751e8b465ee728b)
Start importing Assets/Oculus/SampleFramework/Usage/HandsTrainExample/TrainScene/Lightmap-28_comp_shadowmask.png using Guid(19859e0c03452054887ceffabffc3b6f) Importer(815301076,1909f56bfc062723c751e8b465ee728b)  -> (artifact id: '2390b0ad197a889eb9b81f6f8e3c36b6') in 0.032276 seconds 
  Import took 0.036996 seconds .

========================================================================
Received Import Request.
  Time since last request: 0.000270 seconds.
  path: Assets/Oculus/SampleFramework/Usage/HandsTrainExample/TrainScene/Lightmap-23_comp_dir.png
  artifactKey: Guid(4fcbfd257f7cb8b40a4aa875d78e3c43) Importer(815301076,1909f56bfc062723c751e8b465ee728b)
Start importing Assets/Oculus/SampleFramework/Usage/HandsTrainExample/TrainScene/Lightmap-23_comp_dir.png using Guid(4fcbfd257f7cb8b40a4aa875d78e3c43) Importer(815301076,1909f56bfc062723c751e8b465ee728b)  -> (artifact id: '17aa60c53b53c19e7b5498fbb6b85336') in 0.026691 seconds 
  Import took 0.030819 seconds .

========================================================================
Received Import Request.
  Time since last request: 0.000207 seconds.
  path: Assets/Oculus/SampleFramework/Usage/HandsTrainExample/TrainScene/Lightmap-19_comp_shadowmask.png
  artifactKey: Guid(099206b22882a484cacc8c52228c5e1e) Importer(815301076,1909f56bfc062723c751e8b465ee728b)
Start importing Assets/Oculus/SampleFramework/Usage/HandsTrainExample/TrainScene/Lightmap-19_comp_shadowmask.png using Guid(099206b22882a484cacc8c52228c5e1e) Importer(815301076,1909f56bfc062723c751e8b465ee728b)  -> (artifact id: '801d91938412cb19f5ce52ebe99d4e4d') in 0.020659 seconds 
  Import took 0.024481 seconds .

========================================================================
Received Import Request.
  Time since last request: 0.000173 seconds.
  path: Assets/Oculus/SampleFramework/Usage/HandsTrainExample/TrainScene/Lightmap-2_comp_dir.png
  artifactKey: Guid(f46e7852c315af74fb314eb5ee922ca1) Importer(815301076,1909f56bfc062723c751e8b465ee728b)
Start importing Assets/Oculus/SampleFramework/Usage/HandsTrainExample/TrainScene/Lightmap-2_comp_dir.png using Guid(f46e7852c315af74fb314eb5ee922ca1) Importer(815301076,1909f56bfc062723c751e8b465ee728b)  -> (artifact id: '7f00fcc00aa528116e9816d0170d9085') in 0.034679 seconds 
  Import took 0.038606 seconds .

========================================================================
Received Import Request.
  Time since last request: 0.000279 seconds.
  path: Assets/Oculus/SampleFramework/Usage/HandsTrainExample/TrainScene/Lightmap-24_comp_dir.png
  artifactKey: Guid(e601ff6526fef2a4e86bab6ed477dff0) Importer(815301076,1909f56bfc062723c751e8b465ee728b)
Start importing Assets/Oculus/SampleFramework/Usage/HandsTrainExample/TrainScene/Lightmap-24_comp_dir.png using Guid(e601ff6526fef2a4e86bab6ed477dff0) Importer(815301076,1909f56bfc062723c751e8b465ee728b)  -> (artifact id: '8b95fd80fe45af3b1d8e2d74ddb435ed') in 0.020332 seconds 
  Import took 0.023566 seconds .

========================================================================
Received Import Request.
  Time since last request: 0.000237 seconds.
  path: Assets/Oculus/SampleFramework/Usage/HandsTrainExample/TrainScene/Lightmap-10_comp_dir.png
  artifactKey: Guid(6cc49fd2fff97544abc9bcc5a06702f9) Importer(815301076,1909f56bfc062723c751e8b465ee728b)
Start importing Assets/Oculus/SampleFramework/Usage/HandsTrainExample/TrainScene/Lightmap-10_comp_dir.png using Guid(6cc49fd2fff97544abc9bcc5a06702f9) Importer(815301076,1909f56bfc062723c751e8b465ee728b)  -> (artifact id: '44bd10cbf20cf958fd7f1a6b07ca35e0') in 0.022772 seconds 
  Import took 0.026446 seconds .

========================================================================
Received Import Request.
  Time since last request: 0.000299 seconds.
  path: Assets/Oculus/SampleFramework/Usage/HandsTrainExample/TrainScene/Lightmap-20_comp_dir.png
  artifactKey: Guid(000eb29d488370a44b50b834f22844f7) Importer(815301076,1909f56bfc062723c751e8b465ee728b)
Start importing Assets/Oculus/SampleFramework/Usage/HandsTrainExample/TrainScene/Lightmap-20_comp_dir.png using Guid(000eb29d488370a44b50b834f22844f7) Importer(815301076,1909f56bfc062723c751e8b465ee728b)  -> (artifact id: '408283ed370d3ce7c3aa167d74802567') in 0.022063 seconds 
  Import took 0.027083 seconds .

========================================================================
Received Import Request.
  Time since last request: 0.000318 seconds.
  path: Assets/Oculus/SampleFramework/Usage/HandsTrainExample/TrainScene/Lightmap-11_comp_shadowmask.png
  artifactKey: Guid(4af181395a0889942bd42a93cfa85f62) Importer(815301076,1909f56bfc062723c751e8b465ee728b)
Start importing Assets/Oculus/SampleFramework/Usage/HandsTrainExample/TrainScene/Lightmap-11_comp_shadowmask.png using Guid(4af181395a0889942bd42a93cfa85f62) Importer(815301076,1909f56bfc062723c751e8b465ee728b)  -> (artifact id: '11b9d2ff60163b0ea9a8cda18baafa65') in 0.023584 seconds 
  Import took 0.027569 seconds .

========================================================================
Received Import Request.
  Time since last request: 0.000209 seconds.
  path: Assets/Oculus/SampleFramework/Usage/HandsTrainExample/TrainScene/Lightmap-7_comp_dir.png
  artifactKey: Guid(a7945d9d9fd1a054dbbef692365c30be) Importer(815301076,1909f56bfc062723c751e8b465ee728b)
Start importing Assets/Oculus/SampleFramework/Usage/HandsTrainExample/TrainScene/Lightmap-7_comp_dir.png using Guid(a7945d9d9fd1a054dbbef692365c30be) Importer(815301076,1909f56bfc062723c751e8b465ee728b)  -> (artifact id: '7a0f9c848db7d6b940471bc7a405c8ca') in 0.025856 seconds 
  Import took 0.029493 seconds .

========================================================================
Received Import Request.
  Time since last request: 0.000213 seconds.
  path: Assets/Oculus/SampleFramework/Usage/HandsTrainExample/TrainScene/Lightmap-15_comp_dir.png
  artifactKey: Guid(285e1c7c6f12ea548a4870ffb8c84d65) Importer(815301076,1909f56bfc062723c751e8b465ee728b)
Start importing Assets/Oculus/SampleFramework/Usage/HandsTrainExample/TrainScene/Lightmap-15_comp_dir.png using Guid(285e1c7c6f12ea548a4870ffb8c84d65) Importer(815301076,1909f56bfc062723c751e8b465ee728b)  -> (artifact id: '4648c4199b4437ac9bb8c834cf1f8078') in 0.017805 seconds 
  Import took 0.021422 seconds .

========================================================================
Received Import Request.
  Time since last request: 0.000221 seconds.
  path: Assets/Oculus/SampleFramework/Usage/HandsTrainExample/TrainScene/Lightmap-13_comp_shadowmask.png
  artifactKey: Guid(bc458cbbc60567643b16e45b2247673f) Importer(815301076,1909f56bfc062723c751e8b465ee728b)
Start importing Assets/Oculus/SampleFramework/Usage/HandsTrainExample/TrainScene/Lightmap-13_comp_shadowmask.png using Guid(bc458cbbc60567643b16e45b2247673f) Importer(815301076,1909f56bfc062723c751e8b465ee728b)  -> (artifact id: 'b54d6cd7969e29e578a3b1b5cb332811') in 0.021189 seconds 
  Import took 0.025369 seconds .

========================================================================
Received Import Request.
  Time since last request: 0.000202 seconds.
  path: Assets/Oculus/SampleFramework/Usage/HandsTrainExample/TrainScene/Lightmap-23_comp_light.exr
  artifactKey: Guid(cefdcf6cc8a11ac488b02648dba5c8cc) Importer(815301076,1909f56bfc062723c751e8b465ee728b)
Start importing Assets/Oculus/SampleFramework/Usage/HandsTrainExample/TrainScene/Lightmap-23_comp_light.exr using Guid(cefdcf6cc8a11ac488b02648dba5c8cc) Importer(815301076,1909f56bfc062723c751e8b465ee728b)  -> (artifact id: '7874b43b9a6cf8eb861df803ef58fd47') in 0.020951 seconds 
  Import took 0.025402 seconds .

========================================================================
Received Import Request.
  Time since last request: 0.000331 seconds.
  path: Assets/Oculus/SampleFramework/Usage/HandsTrainExample/TrainScene/Lightmap-22_comp_shadowmask.png
  artifactKey: Guid(adc147c7244a2eb43a7b19ebf8dfcb79) Importer(815301076,1909f56bfc062723c751e8b465ee728b)
Start importing Assets/Oculus/SampleFramework/Usage/HandsTrainExample/TrainScene/Lightmap-22_comp_shadowmask.png using Guid(adc147c7244a2eb43a7b19ebf8dfcb79) Importer(815301076,1909f56bfc062723c751e8b465ee728b)  -> (artifact id: '36b8fc00614d0b51eecc9fbf526324f0') in 0.020477 seconds 
  Import took 0.024753 seconds .

========================================================================
Received Import Request.
  Time since last request: 0.000190 seconds.
  path: Assets/Oculus/SampleFramework/Usage/HandsTrainExample/TrainScene/Lightmap-10_comp_light.exr
  artifactKey: Guid(1cc060f59bfd2bf4f89995f6e5e90f79) Importer(815301076,1909f56bfc062723c751e8b465ee728b)
Start importing Assets/Oculus/SampleFramework/Usage/HandsTrainExample/TrainScene/Lightmap-10_comp_light.exr using Guid(1cc060f59bfd2bf4f89995f6e5e90f79) Importer(815301076,1909f56bfc062723c751e8b465ee728b)  -> (artifact id: '276197718a20e54cd4131d9bb36f4f4c') in 0.018185 seconds 
  Import took 0.021520 seconds .

========================================================================
Received Import Request.
  Time since last request: 0.000175 seconds.
  path: Assets/Oculus/SampleFramework/Usage/HandsTrainExample/TrainScene/Lightmap-30_comp_shadowmask.png
  artifactKey: Guid(97f9dc047e6f5ae4ea1a4840bab51de7) Importer(815301076,1909f56bfc062723c751e8b465ee728b)
Start importing Assets/Oculus/SampleFramework/Usage/HandsTrainExample/TrainScene/Lightmap-30_comp_shadowmask.png using Guid(97f9dc047e6f5ae4ea1a4840bab51de7) Importer(815301076,1909f56bfc062723c751e8b465ee728b)  -> (artifact id: 'ecfa721b83651ba00d313d6b59d8fedc') in 0.019109 seconds 
  Import took 0.022831 seconds .

========================================================================
Received Import Request.
  Time since last request: 0.000291 seconds.
  path: Assets/Oculus/SampleFramework/Usage/HandsTrainExample/TrainScene/Lightmap-26_comp_light.exr
  artifactKey: Guid(06e6fa463b394fe4da4f4c899f876b08) Importer(815301076,1909f56bfc062723c751e8b465ee728b)
Start importing Assets/Oculus/SampleFramework/Usage/HandsTrainExample/TrainScene/Lightmap-26_comp_light.exr using Guid(06e6fa463b394fe4da4f4c899f876b08) Importer(815301076,1909f56bfc062723c751e8b465ee728b)  -> (artifact id: '1ea861d59cb9c4c0bc5da91fb47b5046') in 0.018991 seconds 
  Import took 0.023517 seconds .

========================================================================
Received Import Request.
  Time since last request: 0.000197 seconds.
  path: Assets/Oculus/SampleFramework/Usage/HandsTrainExample/TrainScene/Lightmap-7_comp_light.exr
  artifactKey: Guid(bac5ac38c6372144eac8f9ebf3a638e4) Importer(815301076,1909f56bfc062723c751e8b465ee728b)
Start importing Assets/Oculus/SampleFramework/Usage/HandsTrainExample/TrainScene/Lightmap-7_comp_light.exr using Guid(bac5ac38c6372144eac8f9ebf3a638e4) Importer(815301076,1909f56bfc062723c751e8b465ee728b)  -> (artifact id: 'bfb78826ca896173c88e493791b08edf') in 0.027589 seconds 
  Import took 0.031379 seconds .

========================================================================
Received Import Request.
  Time since last request: 0.000264 seconds.
  path: Assets/Oculus/SampleFramework/Usage/HandsTrainExample/TrainScene/Lightmap-12_comp_shadowmask.png
  artifactKey: Guid(a3dc0a4fa96ecd5499e315d093abe479) Importer(815301076,1909f56bfc062723c751e8b465ee728b)
Start importing Assets/Oculus/SampleFramework/Usage/HandsTrainExample/TrainScene/Lightmap-12_comp_shadowmask.png using Guid(a3dc0a4fa96ecd5499e315d093abe479) Importer(815301076,1909f56bfc062723c751e8b465ee728b)  -> (artifact id: '352743d478851a382dc58e32e068780c') in 0.022924 seconds 
  Import took 0.027580 seconds .

========================================================================
Received Import Request.
  Time since last request: 0.000207 seconds.
  path: Assets/Oculus/SampleFramework/Usage/HandsTrainExample/TrainScene/Lightmap-12_comp_light.exr
  artifactKey: Guid(cda425367f94db440a18d74173bff136) Importer(815301076,1909f56bfc062723c751e8b465ee728b)
Start importing Assets/Oculus/SampleFramework/Usage/HandsTrainExample/TrainScene/Lightmap-12_comp_light.exr using Guid(cda425367f94db440a18d74173bff136) Importer(815301076,1909f56bfc062723c751e8b465ee728b)  -> (artifact id: '775431a90b01c796b4b4cc3ae3ca8634') in 0.017530 seconds 
  Import took 0.020692 seconds .

========================================================================
Received Import Request.
  Time since last request: 0.000197 seconds.
  path: Assets/Oculus/SampleFramework/Usage/HandsTrainExample/TrainScene/Lightmap-1_comp_dir.png
  artifactKey: Guid(52b8aafcaed21774ba86914203217502) Importer(815301076,1909f56bfc062723c751e8b465ee728b)
Start importing Assets/Oculus/SampleFramework/Usage/HandsTrainExample/TrainScene/Lightmap-1_comp_dir.png using Guid(52b8aafcaed21774ba86914203217502) Importer(815301076,1909f56bfc062723c751e8b465ee728b)  -> (artifact id: '51ec7c07b0dd2e16e349f6402427feea') in 0.036169 seconds 
  Import took 0.039563 seconds .

========================================================================
Received Import Request.
  Time since last request: 0.000211 seconds.
  path: Assets/Oculus/SampleFramework/Usage/HandsTrainExample/TrainScene/Lightmap-29_comp_light.exr
  artifactKey: Guid(3587725581cd96549a34a2d53c1cf690) Importer(815301076,1909f56bfc062723c751e8b465ee728b)
Start importing Assets/Oculus/SampleFramework/Usage/HandsTrainExample/TrainScene/Lightmap-29_comp_light.exr using Guid(3587725581cd96549a34a2d53c1cf690) Importer(815301076,1909f56bfc062723c751e8b465ee728b)  -> (artifact id: 'ff603a724aaa0fa37d3e95754273d6c7') in 0.019918 seconds 
  Import took 0.023060 seconds .

========================================================================
Received Import Request.
  Time since last request: 0.000172 seconds.
  path: Assets/Oculus/SampleFramework/Usage/HandsTrainExample/TrainScene/Lightmap-20_comp_light.exr
  artifactKey: Guid(0b85e3412eacb134e903b1bda35cbac4) Importer(815301076,1909f56bfc062723c751e8b465ee728b)
Start importing Assets/Oculus/SampleFramework/Usage/HandsTrainExample/TrainScene/Lightmap-20_comp_light.exr using Guid(0b85e3412eacb134e903b1bda35cbac4) Importer(815301076,1909f56bfc062723c751e8b465ee728b)  -> (artifact id: 'bab95a89b9942e5366687da68597125d') in 0.016902 seconds 
  Import took 0.020225 seconds .

========================================================================
Received Import Request.
  Time since last request: 0.000170 seconds.
  path: Assets/Oculus/SampleFramework/Usage/HandsTrainExample/TrainScene/Lightmap-31_comp_light.exr
  artifactKey: Guid(8d172bd739423e94fadcad32aeea9c4c) Importer(815301076,1909f56bfc062723c751e8b465ee728b)
Start importing Assets/Oculus/SampleFramework/Usage/HandsTrainExample/TrainScene/Lightmap-31_comp_light.exr using Guid(8d172bd739423e94fadcad32aeea9c4c) Importer(815301076,1909f56bfc062723c751e8b465ee728b)  -> (artifact id: '14a88656d638007d3ef59ef8ff936576') in 0.018204 seconds 
  Import took 0.021122 seconds .

========================================================================
Received Import Request.
  Time since last request: 0.000176 seconds.
  path: Assets/Oculus/SampleFramework/Usage/HandsTrainExample/TrainScene/Lightmap-21_comp_light.exr
  artifactKey: Guid(5c64dae39de35b64bbb10c84901b2578) Importer(815301076,1909f56bfc062723c751e8b465ee728b)
Start importing Assets/Oculus/SampleFramework/Usage/HandsTrainExample/TrainScene/Lightmap-21_comp_light.exr using Guid(5c64dae39de35b64bbb10c84901b2578) Importer(815301076,1909f56bfc062723c751e8b465ee728b)  -> (artifact id: '0084a99efd6c7a8d5648ab30894f4b9f') in 0.016998 seconds 
  Import took 0.019778 seconds .

========================================================================
Received Import Request.
  Time since last request: 0.000170 seconds.
  path: Assets/Oculus/SampleFramework/Usage/HandsTrainExample/TrainScene/Lightmap-9_comp_shadowmask.png
  artifactKey: Guid(6c39dd3e2eb710440af42be20b1f9079) Importer(815301076,1909f56bfc062723c751e8b465ee728b)
Start importing Assets/Oculus/SampleFramework/Usage/HandsTrainExample/TrainScene/Lightmap-9_comp_shadowmask.png using Guid(6c39dd3e2eb710440af42be20b1f9079) Importer(815301076,1909f56bfc062723c751e8b465ee728b)  -> (artifact id: 'ce3860d26077910c533075f31dc13b55') in 0.021011 seconds 
  Import took 0.025029 seconds .

========================================================================
Received Import Request.
  Time since last request: 0.000149 seconds.
  path: Assets/Oculus/SampleFramework/Usage/HandsTrainExample/TrainScene/Lightmap-21_comp_light.exr
  artifactKey: Guid(5c64dae39de35b64bbb10c84901b2578) Importer(815301076,1909f56bfc062723c751e8b465ee728b)
Start importing Assets/Oculus/SampleFramework/Usage/HandsTrainExample/TrainScene/Lightmap-21_comp_light.exr using Guid(5c64dae39de35b64bbb10c84901b2578) Importer(815301076,1909f56bfc062723c751e8b465ee728b)  -> (artifact id: '0084a99efd6c7a8d5648ab30894f4b9f') in 0.007063 seconds 
  Import took 0.010438 seconds .

========================================================================
Received Import Request.
  Time since last request: 0.000205 seconds.
  path: Assets/Oculus/SampleFramework/Usage/HandsTrainExample/TrainScene/Lightmap-25_comp_shadowmask.png
  artifactKey: Guid(25539577c72c9d44b9f852ece77f53b7) Importer(815301076,1909f56bfc062723c751e8b465ee728b)
Start importing Assets/Oculus/SampleFramework/Usage/HandsTrainExample/TrainScene/Lightmap-25_comp_shadowmask.png using Guid(25539577c72c9d44b9f852ece77f53b7) Importer(815301076,1909f56bfc062723c751e8b465ee728b)  -> (artifact id: '4a0dbb058ace1b862e9f8a7587f12f37') in 0.018733 seconds 
  Import took 0.022315 seconds .

========================================================================
Received Import Request.
  Time since last request: 0.000189 seconds.
  path: Assets/Oculus/SampleFramework/Usage/HandsTrainExample/TrainScene/Lightmap-17_comp_light.exr
  artifactKey: Guid(191b589b307b46342abe653f8c0c36c5) Importer(815301076,1909f56bfc062723c751e8b465ee728b)
Start importing Assets/Oculus/SampleFramework/Usage/HandsTrainExample/TrainScene/Lightmap-17_comp_light.exr using Guid(191b589b307b46342abe653f8c0c36c5) Importer(815301076,1909f56bfc062723c751e8b465ee728b)  -> (artifact id: '3d5a72b44df2f79165354ba0d915ec64') in 0.015975 seconds 
  Import took 0.018923 seconds .

========================================================================
Received Import Request.
  Time since last request: 0.000190 seconds.
  path: Assets/Oculus/SampleFramework/Usage/HandsTrainExample/TrainScene/Lightmap-18_comp_light.exr
  artifactKey: Guid(3e894860a38dcf144be98cfc487af17d) Importer(815301076,1909f56bfc062723c751e8b465ee728b)
Start importing Assets/Oculus/SampleFramework/Usage/HandsTrainExample/TrainScene/Lightmap-18_comp_light.exr using Guid(3e894860a38dcf144be98cfc487af17d) Importer(815301076,1909f56bfc062723c751e8b465ee728b)  -> (artifact id: '81460217597e2f6c5a9ed9b33bee3e80') in 0.017407 seconds 
  Import took 0.020750 seconds .

========================================================================
Received Import Request.
  Time since last request: 0.000172 seconds.
  path: Assets/Oculus/SampleFramework/Usage/HandsTrainExample/TrainScene/Lightmap-21_comp_shadowmask.png
  artifactKey: Guid(a16c5b013f74cb74fa9d3a39f68c6225) Importer(815301076,1909f56bfc062723c751e8b465ee728b)
Start importing Assets/Oculus/SampleFramework/Usage/HandsTrainExample/TrainScene/Lightmap-21_comp_shadowmask.png using Guid(a16c5b013f74cb74fa9d3a39f68c6225) Importer(815301076,1909f56bfc062723c751e8b465ee728b)  -> (artifact id: '714afa08177b576730343501ab8d28c0') in 0.019561 seconds 
  Import took 0.022789 seconds .

========================================================================
Received Import Request.
  Time since last request: 0.000152 seconds.
  path: Assets/Oculus/SampleFramework/Usage/HandsTrainExample/TrainScene/Lightmap-15_comp_light.exr
  artifactKey: Guid(4f95d58ef8aaeb446847f5a55a6b9f76) Importer(815301076,1909f56bfc062723c751e8b465ee728b)
Start importing Assets/Oculus/SampleFramework/Usage/HandsTrainExample/TrainScene/Lightmap-15_comp_light.exr using Guid(4f95d58ef8aaeb446847f5a55a6b9f76) Importer(815301076,1909f56bfc062723c751e8b465ee728b)  -> (artifact id: '2fdfbd64dd06160550ae4e9c99b4e6e0') in 0.019246 seconds 
  Import took 0.022709 seconds .

========================================================================
Received Import Request.
  Time since last request: 0.000162 seconds.
  path: Assets/Oculus/SampleFramework/Usage/HandsTrainExample/TrainScene/Lightmap-26_comp_dir.png
  artifactKey: Guid(777239f9a7365be4aab33b31031b092d) Importer(815301076,1909f56bfc062723c751e8b465ee728b)
Start importing Assets/Oculus/SampleFramework/Usage/HandsTrainExample/TrainScene/Lightmap-26_comp_dir.png using Guid(777239f9a7365be4aab33b31031b092d) Importer(815301076,1909f56bfc062723c751e8b465ee728b)  -> (artifact id: '71cd73b313e83194bb12065f9191bcb6') in 0.018886 seconds 
  Import took 0.022515 seconds .

========================================================================
Received Import Request.
  Time since last request: 0.000156 seconds.
  path: Assets/Oculus/SampleFramework/Usage/HandsTrainExample/TrainScene/Lightmap-16_comp_shadowmask.png
  artifactKey: Guid(8715f995028e8fb4d946cddb606c6110) Importer(815301076,1909f56bfc062723c751e8b465ee728b)
Start importing Assets/Oculus/SampleFramework/Usage/HandsTrainExample/TrainScene/Lightmap-16_comp_shadowmask.png using Guid(8715f995028e8fb4d946cddb606c6110) Importer(815301076,1909f56bfc062723c751e8b465ee728b)  -> (artifact id: 'd792dcb5013ddc017ec3bbd8c39e3078') in 0.017865 seconds 
  Import took 0.021137 seconds .

========================================================================
Received Import Request.
  Time since last request: 0.000188 seconds.
  path: Assets/Oculus/SampleFramework/Usage/HandsTrainExample/TrainScene/Lightmap-29_comp_dir.png
  artifactKey: Guid(1c6c43d426db4a84fb06cf0fcbf6ca6b) Importer(815301076,1909f56bfc062723c751e8b465ee728b)
Start importing Assets/Oculus/SampleFramework/Usage/HandsTrainExample/TrainScene/Lightmap-29_comp_dir.png using Guid(1c6c43d426db4a84fb06cf0fcbf6ca6b) Importer(815301076,1909f56bfc062723c751e8b465ee728b)  -> (artifact id: 'deb2d36967638a5bfc5abdb63de81ee2') in 0.018915 seconds 
  Import took 0.022455 seconds .

========================================================================
Received Import Request.
  Time since last request: 0.000168 seconds.
  path: Assets/Oculus/SampleFramework/Usage/HandsTrainExample/TrainScene/Lightmap-33_comp_light.exr
  artifactKey: Guid(ee6ac821ededcb04a9dbfcd1f7acd8a5) Importer(815301076,1909f56bfc062723c751e8b465ee728b)
Start importing Assets/Oculus/SampleFramework/Usage/HandsTrainExample/TrainScene/Lightmap-33_comp_light.exr using Guid(ee6ac821ededcb04a9dbfcd1f7acd8a5) Importer(815301076,1909f56bfc062723c751e8b465ee728b)  -> (artifact id: '27989b758aa8929154785df417ced474') in 0.019346 seconds 
  Import took 0.022624 seconds .

========================================================================
Received Import Request.
  Time since last request: 0.000177 seconds.
  path: Assets/Oculus/SampleFramework/Usage/HandsTrainExample/TrainScene/Lightmap-37_comp_dir.png
  artifactKey: Guid(3be141b48bd146f4ca180ba22df240ee) Importer(815301076,1909f56bfc062723c751e8b465ee728b)
Start importing Assets/Oculus/SampleFramework/Usage/HandsTrainExample/TrainScene/Lightmap-37_comp_dir.png using Guid(3be141b48bd146f4ca180ba22df240ee) Importer(815301076,1909f56bfc062723c751e8b465ee728b)  -> (artifact id: '934efeb35c5a3436a5f4bfc009b0cddd') in 0.021569 seconds 
  Import took 0.025993 seconds .

========================================================================
Received Import Request.
  Time since last request: 0.000180 seconds.
  path: Assets/Oculus/SampleFramework/Usage/HandsTrainExample/TrainScene/Lightmap-34_comp_dir.png
  artifactKey: Guid(690b0f1c58f62954e835c52897c0d47d) Importer(815301076,1909f56bfc062723c751e8b465ee728b)
Start importing Assets/Oculus/SampleFramework/Usage/HandsTrainExample/TrainScene/Lightmap-34_comp_dir.png using Guid(690b0f1c58f62954e835c52897c0d47d) Importer(815301076,1909f56bfc062723c751e8b465ee728b)  -> (artifact id: 'fae1e6ff80e3a67e24d4202703d74336') in 0.019429 seconds 
  Import took 0.026230 seconds .

========================================================================
Received Import Request.
  Time since last request: 0.000356 seconds.
  path: Assets/Oculus/SampleFramework/Usage/HandsTrainExample/TrainScene/Lightmap-33_comp_shadowmask.png
  artifactKey: Guid(8614d160622632c48973c928e59f1df7) Importer(815301076,1909f56bfc062723c751e8b465ee728b)
Start importing Assets/Oculus/SampleFramework/Usage/HandsTrainExample/TrainScene/Lightmap-33_comp_shadowmask.png using Guid(8614d160622632c48973c928e59f1df7) Importer(815301076,1909f56bfc062723c751e8b465ee728b)  -> (artifact id: '1893d167e36d66376146245903e764f7') in 0.020105 seconds 
  Import took 0.024135 seconds .

========================================================================
Received Import Request.
  Time since last request: 0.000177 seconds.
  path: Assets/Oculus/SampleFramework/Usage/HandsTrainExample/TrainScene/Lightmap-39_comp_shadowmask.png
  artifactKey: Guid(bd315eddf3554b641a2aad0d8b33b48a) Importer(815301076,1909f56bfc062723c751e8b465ee728b)
Start importing Assets/Oculus/SampleFramework/Usage/HandsTrainExample/TrainScene/Lightmap-39_comp_shadowmask.png using Guid(bd315eddf3554b641a2aad0d8b33b48a) Importer(815301076,1909f56bfc062723c751e8b465ee728b)  -> (artifact id: '5debba4e572b832cf01a232ca7a957ab') in 0.020292 seconds 
  Import took 0.023971 seconds .

========================================================================
Received Import Request.
  Time since last request: 0.000174 seconds.
  path: Assets/Oculus/SampleFramework/Usage/HandsTrainExample/TrainScene/Lightmap-32_comp_dir.png
  artifactKey: Guid(00bd5492fc328604fb192db0ba486104) Importer(815301076,1909f56bfc062723c751e8b465ee728b)
Start importing Assets/Oculus/SampleFramework/Usage/HandsTrainExample/TrainScene/Lightmap-32_comp_dir.png using Guid(00bd5492fc328604fb192db0ba486104) Importer(815301076,1909f56bfc062723c751e8b465ee728b)  -> (artifact id: '1a07e918b86972ecd503f544da902091') in 0.017327 seconds 
  Import took 0.020248 seconds .

========================================================================
Received Import Request.
  Time since last request: 0.000195 seconds.
  path: Assets/Oculus/SampleFramework/Usage/HandsTrainExample/TrainScene/Lightmap-39_comp_dir.png
  artifactKey: Guid(5d48c9be409ec174f9f15e927748d86e) Importer(815301076,1909f56bfc062723c751e8b465ee728b)
Start importing Assets/Oculus/SampleFramework/Usage/HandsTrainExample/TrainScene/Lightmap-39_comp_dir.png using Guid(5d48c9be409ec174f9f15e927748d86e) Importer(815301076,1909f56bfc062723c751e8b465ee728b)  -> (artifact id: 'f853640a9ad9e88aa32d4ba96488a7db') in 0.018766 seconds 
  Import took 0.022023 seconds .

========================================================================
Received Import Request.
  Time since last request: 0.000159 seconds.
  path: Assets/Oculus/SampleFramework/Usage/HandsTrainExample/TrainScene/Lightmap-34_comp_shadowmask.png
  artifactKey: Guid(d0c2e0ff440c28b499ddeaba470a3405) Importer(815301076,1909f56bfc062723c751e8b465ee728b)
Start importing Assets/Oculus/SampleFramework/Usage/HandsTrainExample/TrainScene/Lightmap-34_comp_shadowmask.png using Guid(d0c2e0ff440c28b499ddeaba470a3405) Importer(815301076,1909f56bfc062723c751e8b465ee728b)  -> (artifact id: '45d03ec504acece433ae44b9100937dc') in 0.022878 seconds 
  Import took 0.025779 seconds .

========================================================================
Received Import Request.
  Time since last request: 0.000150 seconds.
  path: Assets/Oculus/SampleFramework/Usage/HandsTrainExample/TrainScene/ReflectionProbe-1.exr
  artifactKey: Guid(f8df8e5711b9a5c42b44b6d9ad14c897) Importer(815301076,1909f56bfc062723c751e8b465ee728b)
Start importing Assets/Oculus/SampleFramework/Usage/HandsTrainExample/TrainScene/ReflectionProbe-1.exr using Guid(f8df8e5711b9a5c42b44b6d9ad14c897) Importer(815301076,1909f56bfc062723c751e8b465ee728b)  -> (artifact id: 'd8064a99af4e4753e3fcf601343354e1') in 0.049438 seconds 
  Import took 0.052359 seconds .

========================================================================
Received Import Request.
  Time since last request: 0.000205 seconds.
  path: Assets/Oculus/SampleFramework/Usage/HandsTrainExample/TrainScene/Lightmap-37_comp_shadowmask.png
  artifactKey: Guid(ce80095845fd174489aa963898a2318e) Importer(815301076,1909f56bfc062723c751e8b465ee728b)
Start importing Assets/Oculus/SampleFramework/Usage/HandsTrainExample/TrainScene/Lightmap-37_comp_shadowmask.png using Guid(ce80095845fd174489aa963898a2318e) Importer(815301076,1909f56bfc062723c751e8b465ee728b)  -> (artifact id: 'eb3e17ea8e27e0254cf15a59b7e43d4b') in 0.017181 seconds 
  Import took 0.020277 seconds .

========================================================================
Received Import Request.
  Time since last request: 0.000188 seconds.
  path: Assets/Oculus/SampleFramework/Usage/HandsTrainExample/TrainScene/Lightmap-34_comp_light.exr
  artifactKey: Guid(1f49a33c8089cc44f85b49e29f45bfe9) Importer(815301076,1909f56bfc062723c751e8b465ee728b)
Start importing Assets/Oculus/SampleFramework/Usage/HandsTrainExample/TrainScene/Lightmap-34_comp_light.exr using Guid(1f49a33c8089cc44f85b49e29f45bfe9) Importer(815301076,1909f56bfc062723c751e8b465ee728b)  -> (artifact id: 'c4930c5dbca4c68970bbb52628e6281c') in 0.017113 seconds 
  Import took 0.020181 seconds .

========================================================================
Received Import Request.
  Time since last request: 0.000191 seconds.
  path: Assets/Oculus/SampleFramework/Usage/HandsTrainExample/TrainScene/Lightmap-38_comp_light.exr
  artifactKey: Guid(c89369294e3e2b243a0856c19795596c) Importer(815301076,1909f56bfc062723c751e8b465ee728b)
Start importing Assets/Oculus/SampleFramework/Usage/HandsTrainExample/TrainScene/Lightmap-38_comp_light.exr using Guid(c89369294e3e2b243a0856c19795596c) Importer(815301076,1909f56bfc062723c751e8b465ee728b)  -> (artifact id: '15d39a01b9a01188fd2bb11344b6c9be') in 0.017572 seconds 
  Import took 0.021235 seconds .

========================================================================
Received Import Request.
  Time since last request: 0.000206 seconds.
  path: Assets/Oculus/SampleFramework/Usage/HandsTrainExample/TrainScene/Lightmap-35_comp_shadowmask.png
  artifactKey: Guid(47658c73b72ce2d4b9a7e2b693b32ce0) Importer(815301076,1909f56bfc062723c751e8b465ee728b)
Start importing Assets/Oculus/SampleFramework/Usage/HandsTrainExample/TrainScene/Lightmap-35_comp_shadowmask.png using Guid(47658c73b72ce2d4b9a7e2b693b32ce0) Importer(815301076,1909f56bfc062723c751e8b465ee728b)  -> (artifact id: '23097fa2490432026845996d85e73907') in 0.019983 seconds 
  Import took 0.024017 seconds .

========================================================================
Received Import Request.
  Time since last request: 0.000162 seconds.
  path: Assets/Oculus/SampleFramework/Usage/HandsTrainExample/TrainScene/Lightmap-35_comp_light.exr
  artifactKey: Guid(8de834b7f46603f439c6f72fb642e5aa) Importer(815301076,1909f56bfc062723c751e8b465ee728b)
Start importing Assets/Oculus/SampleFramework/Usage/HandsTrainExample/TrainScene/Lightmap-35_comp_light.exr using Guid(8de834b7f46603f439c6f72fb642e5aa) Importer(815301076,1909f56bfc062723c751e8b465ee728b)  -> (artifact id: 'a7f62dbb102be53be7d73d5e7d14d5d8') in 0.018023 seconds 
  Import took 0.021599 seconds .

========================================================================
Received Import Request.
  Time since last request: 0.000299 seconds.
  path: Assets/Oculus/SampleFramework/Usage/HandsTrainExample/TrainScene/Lightmap-26_comp_shadowmask.png
  artifactKey: Guid(5dbb562af96fff14f8750df12a4a9f32) Importer(815301076,1909f56bfc062723c751e8b465ee728b)
Start importing Assets/Oculus/SampleFramework/Usage/HandsTrainExample/TrainScene/Lightmap-26_comp_shadowmask.png using Guid(5dbb562af96fff14f8750df12a4a9f32) Importer(815301076,1909f56bfc062723c751e8b465ee728b)  -> (artifact id: 'f4aaa84b2d7c524ab73214ec72becc8b') in 0.019065 seconds 
  Import took 0.022538 seconds .

========================================================================
Received Import Request.
  Time since last request: 0.000184 seconds.
  path: Assets/Oculus/SampleFramework/Usage/HandsTrainExample/TrainScene/Lightmap-31_comp_shadowmask.png
  artifactKey: Guid(f70e7df3a2fa3aa41a0f5a99ee2c74a2) Importer(815301076,1909f56bfc062723c751e8b465ee728b)
Start importing Assets/Oculus/SampleFramework/Usage/HandsTrainExample/TrainScene/Lightmap-31_comp_shadowmask.png using Guid(f70e7df3a2fa3aa41a0f5a99ee2c74a2) Importer(815301076,1909f56bfc062723c751e8b465ee728b)  -> (artifact id: '6a5cd759218187367217c23fad7a5577') in 0.018442 seconds 
  Import took 0.021615 seconds .

========================================================================
Received Import Request.
  Time since last request: 0.000151 seconds.
  path: Assets/Oculus/SampleFramework/Usage/HandsTrainExample/TrainScene/Lightmap-38_comp_shadowmask.png
  artifactKey: Guid(1ef35304c37043044a0d217e94fb2cb3) Importer(815301076,1909f56bfc062723c751e8b465ee728b)
Start importing Assets/Oculus/SampleFramework/Usage/HandsTrainExample/TrainScene/Lightmap-38_comp_shadowmask.png using Guid(1ef35304c37043044a0d217e94fb2cb3) Importer(815301076,1909f56bfc062723c751e8b465ee728b)  -> (artifact id: 'f0fd001fd586639abfbe3012eddbed40') in 0.018156 seconds 
  Import took 0.021092 seconds .

========================================================================
Received Import Request.
  Time since last request: 0.000275 seconds.
  path: Assets/Oculus/SampleFramework/Usage/HandsTrainExample/TrainScene/Lightmap-17_comp_shadowmask.png
  artifactKey: Guid(309ac67c8a05fcb43a3c9bf73766a435) Importer(815301076,1909f56bfc062723c751e8b465ee728b)
Start importing Assets/Oculus/SampleFramework/Usage/HandsTrainExample/TrainScene/Lightmap-17_comp_shadowmask.png using Guid(309ac67c8a05fcb43a3c9bf73766a435) Importer(815301076,1909f56bfc062723c751e8b465ee728b)  -> (artifact id: 'a34f5711b4fbac45c0e5ea8c3ac2704a') in 0.020308 seconds 
  Import took 0.023669 seconds .

========================================================================
Received Import Request.
  Time since last request: 0.000168 seconds.
  path: Assets/Oculus/SampleFramework/Usage/HandsTrainExample/TrainScene/Lightmap-8_comp_shadowmask.png
  artifactKey: Guid(cfd6a586ecc91a84585965799b484f2c) Importer(815301076,1909f56bfc062723c751e8b465ee728b)
Start importing Assets/Oculus/SampleFramework/Usage/HandsTrainExample/TrainScene/Lightmap-8_comp_shadowmask.png using Guid(cfd6a586ecc91a84585965799b484f2c) Importer(815301076,1909f56bfc062723c751e8b465ee728b)  -> (artifact id: '52fe407ef25636585a1bdbf0672bd8f6') in 0.018356 seconds 
  Import took 0.021186 seconds .

========================================================================
Received Import Request.
  Time since last request: 0.000232 seconds.
  path: Assets/Oculus/SampleFramework/Usage/HandsTrainExample/TrainScene/Lightmap-35_comp_dir.png
  artifactKey: Guid(8b94da80122fada42a72ec8a5550e127) Importer(815301076,1909f56bfc062723c751e8b465ee728b)
Start importing Assets/Oculus/SampleFramework/Usage/HandsTrainExample/TrainScene/Lightmap-35_comp_dir.png using Guid(8b94da80122fada42a72ec8a5550e127) Importer(815301076,1909f56bfc062723c751e8b465ee728b)  -> (artifact id: '20e1a5352454aa4bb142769d1299de1c') in 0.019368 seconds 
  Import took 0.022874 seconds .

========================================================================
Received Import Request.
  Time since last request: 0.000157 seconds.
  path: Assets/Oculus/SampleFramework/Usage/HandsTrainExample/TrainScene/Lightmap-21_comp_dir.png
  artifactKey: Guid(ad29d3edb7994234badcf80687bd9bd5) Importer(815301076,1909f56bfc062723c751e8b465ee728b)
Start importing Assets/Oculus/SampleFramework/Usage/HandsTrainExample/TrainScene/Lightmap-21_comp_dir.png using Guid(ad29d3edb7994234badcf80687bd9bd5) Importer(815301076,1909f56bfc062723c751e8b465ee728b)  -> (artifact id: '9698b4bea4835a61c5fe8f59a5a14551') in 0.019859 seconds 
  Import took 0.023285 seconds .

========================================================================
Received Import Request.
  Time since last request: 0.000157 seconds.
  path: Assets/Oculus/SampleFramework/Usage/HandsTrainExample/TrainScene/Lightmap-32_comp_light.exr
  artifactKey: Guid(934c36aa5a11e4c44957ccfee109398a) Importer(815301076,1909f56bfc062723c751e8b465ee728b)
Start importing Assets/Oculus/SampleFramework/Usage/HandsTrainExample/TrainScene/Lightmap-32_comp_light.exr using Guid(934c36aa5a11e4c44957ccfee109398a) Importer(815301076,1909f56bfc062723c751e8b465ee728b)  -> (artifact id: 'f5720ee461a44b23f0d8bd3e2ee93c0c') in 0.016589 seconds 
  Import took 0.019648 seconds .

========================================================================
Received Import Request.
  Time since last request: 0.000137 seconds.
  path: Assets/Oculus/SampleFramework/Usage/HandsTrainExample/TrainScene/Lightmap-38_comp_dir.png
  artifactKey: Guid(fb564ef5cddf2644d9d276fbda430b26) Importer(815301076,1909f56bfc062723c751e8b465ee728b)
Start importing Assets/Oculus/SampleFramework/Usage/HandsTrainExample/TrainScene/Lightmap-38_comp_dir.png using Guid(fb564ef5cddf2644d9d276fbda430b26) Importer(815301076,1909f56bfc062723c751e8b465ee728b)  -> (artifact id: '6a0fe7614ddf387cef17a6adabf89079') in 0.017837 seconds 
  Import took 0.021229 seconds .

========================================================================
Received Import Request.
  Time since last request: 0.000175 seconds.
  path: Assets/Oculus/SampleFramework/Usage/HandsTrainExample/TrainScene/Lightmap-22_comp_light.exr
  artifactKey: Guid(22913af06b48e0345b87b22f4b990ed0) Importer(815301076,1909f56bfc062723c751e8b465ee728b)
Start importing Assets/Oculus/SampleFramework/Usage/HandsTrainExample/TrainScene/Lightmap-22_comp_light.exr using Guid(22913af06b48e0345b87b22f4b990ed0) Importer(815301076,1909f56bfc062723c751e8b465ee728b)  -> (artifact id: '3799379ceaa05482550256de4256efa9') in 0.018689 seconds 
  Import took 0.022006 seconds .

========================================================================
Received Import Request.
  Time since last request: 0.000209 seconds.
  path: Assets/Oculus/SampleFramework/Usage/HandsTrainExample/TrainScene/ReflectionProbe-0.png
  artifactKey: Guid(1886a7586ae500c439dc72de669677a8) Importer(815301076,1909f56bfc062723c751e8b465ee728b)
Start importing Assets/Oculus/SampleFramework/Usage/HandsTrainExample/TrainScene/ReflectionProbe-0.png using Guid(1886a7586ae500c439dc72de669677a8) Importer(815301076,1909f56bfc062723c751e8b465ee728b)  -> (artifact id: '3b0b20c4dcd77301443aae9422fc5f03') in 0.027076 seconds 
  Import took 0.029997 seconds .

========================================================================
Received Import Request.
  Time since last request: 0.000168 seconds.
  path: Assets/Oculus/SampleFramework/Usage/HandsTrainExample/TrainScene/Lightmap-32_comp_shadowmask.png
  artifactKey: Guid(19f4665a5d494664986e0cfd2113e391) Importer(815301076,1909f56bfc062723c751e8b465ee728b)
Start importing Assets/Oculus/SampleFramework/Usage/HandsTrainExample/TrainScene/Lightmap-32_comp_shadowmask.png using Guid(19f4665a5d494664986e0cfd2113e391) Importer(815301076,1909f56bfc062723c751e8b465ee728b)  -> (artifact id: '197cfe47377c2888a62f044429c914fd') in 0.017094 seconds 
  Import took 0.020109 seconds .

========================================================================
Received Import Request.
  Time since last request: 0.000189 seconds.
  path: Assets/Oculus/SampleFramework/Usage/HandsTrainExample/TrainScene/Lightmap-0_comp_light.exr
  artifactKey: Guid(c441ec513759f0641996383614cb4a7a) Importer(815301076,1909f56bfc062723c751e8b465ee728b)
Start importing Assets/Oculus/SampleFramework/Usage/HandsTrainExample/TrainScene/Lightmap-0_comp_light.exr using Guid(c441ec513759f0641996383614cb4a7a) Importer(815301076,1909f56bfc062723c751e8b465ee728b)  -> (artifact id: 'c0668aedd97f495c1f28a019fcd083bb') in 0.027015 seconds 
  Import took 0.030661 seconds .

========================================================================
Received Import Request.
  Time since last request: 0.000168 seconds.
  path: Assets/Oculus/SampleFramework/Usage/HandsTrainExample/TrainScene/Lightmap-16_comp_light.exr
  artifactKey: Guid(2b80f3d1fe781ae4083c0fa7def4d9c2) Importer(815301076,1909f56bfc062723c751e8b465ee728b)
Start importing Assets/Oculus/SampleFramework/Usage/HandsTrainExample/TrainScene/Lightmap-16_comp_light.exr using Guid(2b80f3d1fe781ae4083c0fa7def4d9c2) Importer(815301076,1909f56bfc062723c751e8b465ee728b)  -> (artifact id: 'f00dbf662964534cf337cbbe815f3d1d') in 0.015284 seconds 
  Import took 0.018116 seconds .

========================================================================
Received Import Request.
  Time since last request: 0.000210 seconds.
  path: Assets/Oculus/SampleFramework/Usage/HandsTrainExample/TrainScene/Lightmap-12_comp_dir.png
  artifactKey: Guid(2558c1f91fd96f84abeac5e50c0ca44e) Importer(815301076,1909f56bfc062723c751e8b465ee728b)
Start importing Assets/Oculus/SampleFramework/Usage/HandsTrainExample/TrainScene/Lightmap-12_comp_dir.png using Guid(2558c1f91fd96f84abeac5e50c0ca44e) Importer(815301076,1909f56bfc062723c751e8b465ee728b)  -> (artifact id: '9c8419a11a6c3f7df51d18646cd338ca') in 0.015278 seconds 
  Import took 0.018638 seconds .

========================================================================
Received Import Request.
  Time since last request: 0.000153 seconds.
  path: Assets/Oculus/SampleFramework/Usage/HandsTrainExample/TrainScene/Lightmap-18_comp_dir.png
  artifactKey: Guid(83d168c12d2c9ed4d987473407e985aa) Importer(815301076,1909f56bfc062723c751e8b465ee728b)
Start importing Assets/Oculus/SampleFramework/Usage/HandsTrainExample/TrainScene/Lightmap-18_comp_dir.png using Guid(83d168c12d2c9ed4d987473407e985aa) Importer(815301076,1909f56bfc062723c751e8b465ee728b)  -> (artifact id: '54f1d00bc08fe3ea42b26627a92a85ca') in 0.018405 seconds 
  Import took 0.021659 seconds .

========================================================================
Received Import Request.
  Time since last request: 0.000174 seconds.
  path: Assets/Oculus/SampleFramework/Usage/HandsTrainExample/TrainScene/Lightmap-37_comp_light.exr
  artifactKey: Guid(0637d88f2a3e67b4c81bc5f9465383fc) Importer(815301076,1909f56bfc062723c751e8b465ee728b)
Start importing Assets/Oculus/SampleFramework/Usage/HandsTrainExample/TrainScene/Lightmap-37_comp_light.exr using Guid(0637d88f2a3e67b4c81bc5f9465383fc) Importer(815301076,1909f56bfc062723c751e8b465ee728b)  -> (artifact id: '400f614f5fe41427ea11ed3e8340fdde') in 0.016976 seconds 
  Import took 0.020536 seconds .

========================================================================
Received Import Request.
  Time since last request: 0.000170 seconds.
  path: Assets/Oculus/SampleFramework/Usage/HandsTrainExample/TrainScene/Lightmap-24_comp_shadowmask.png
  artifactKey: Guid(2308cff0ff828ff49a2518a84cf02d5b) Importer(815301076,1909f56bfc062723c751e8b465ee728b)
Start importing Assets/Oculus/SampleFramework/Usage/HandsTrainExample/TrainScene/Lightmap-24_comp_shadowmask.png using Guid(2308cff0ff828ff49a2518a84cf02d5b) Importer(815301076,1909f56bfc062723c751e8b465ee728b)  -> (artifact id: '94c9123e85186a3b06aacc628c66ea74') in 0.017747 seconds 
  Import took 0.021173 seconds .

========================================================================
Received Import Request.
  Time since last request: 0.000198 seconds.
  path: Assets/Oculus/SampleFramework/Usage/HandsTrainExample/TrainScene/Lightmap-2_comp_light.exr
  artifactKey: Guid(9274d0f48df8fe24d8a9511be3e92966) Importer(815301076,1909f56bfc062723c751e8b465ee728b)
Start importing Assets/Oculus/SampleFramework/Usage/HandsTrainExample/TrainScene/Lightmap-2_comp_light.exr using Guid(9274d0f48df8fe24d8a9511be3e92966) Importer(815301076,1909f56bfc062723c751e8b465ee728b)  -> (artifact id: '0bcb511060a4d9eaf7ee6e32689724a0') in 0.033076 seconds 
  Import took 0.036462 seconds .

========================================================================
Received Import Request.
  Time since last request: 0.000214 seconds.
  path: Assets/Oculus/SampleFramework/Usage/HandsTrainExample/TrainScene/Lightmap-11_comp_light.exr
  artifactKey: Guid(b4c1efbfdb857604f86f4742f5a3a887) Importer(815301076,1909f56bfc062723c751e8b465ee728b)
Start importing Assets/Oculus/SampleFramework/Usage/HandsTrainExample/TrainScene/Lightmap-11_comp_light.exr using Guid(b4c1efbfdb857604f86f4742f5a3a887) Importer(815301076,1909f56bfc062723c751e8b465ee728b)  -> (artifact id: '3092458dcaab252e238d1f438f87bbe0') in 0.017045 seconds 
  Import took 0.020570 seconds .

========================================================================
Received Import Request.
  Time since last request: 0.000200 seconds.
  path: Assets/Oculus/SampleFramework/Usage/HandsTrainExample/TrainScene/Lightmap-14_comp_light.exr
  artifactKey: Guid(d2f095effe4e3bf4f9811e794bad9640) Importer(815301076,1909f56bfc062723c751e8b465ee728b)
Start importing Assets/Oculus/SampleFramework/Usage/HandsTrainExample/TrainScene/Lightmap-14_comp_light.exr using Guid(d2f095effe4e3bf4f9811e794bad9640) Importer(815301076,1909f56bfc062723c751e8b465ee728b)  -> (artifact id: 'b7831c9ed0d1a560361b127e6f14a658') in 0.019555 seconds 
  Import took 0.023483 seconds .

========================================================================
Received Import Request.
  Time since last request: 0.000179 seconds.
  path: Assets/Oculus/SampleFramework/Usage/HandsTrainExample/TrainScene/Lightmap-8_comp_dir.png
  artifactKey: Guid(5c1031c6067a4db45a7bdf1e31c07670) Importer(815301076,1909f56bfc062723c751e8b465ee728b)
Start importing Assets/Oculus/SampleFramework/Usage/HandsTrainExample/TrainScene/Lightmap-8_comp_dir.png using Guid(5c1031c6067a4db45a7bdf1e31c07670) Importer(815301076,1909f56bfc062723c751e8b465ee728b)  -> (artifact id: 'c74757ca9c8eb06878bcb885fbf9c32b') in 0.018523 seconds 
  Import took 0.021567 seconds .

========================================================================
Received Import Request.
  Time since last request: 0.000162 seconds.
  path: Assets/Oculus/SampleFramework/Usage/HandsTrainExample/TrainScene/Lightmap-19_comp_light.exr
  artifactKey: Guid(f2181406b4c6977469197f2bc6ee9e28) Importer(815301076,1909f56bfc062723c751e8b465ee728b)
Start importing Assets/Oculus/SampleFramework/Usage/HandsTrainExample/TrainScene/Lightmap-19_comp_light.exr using Guid(f2181406b4c6977469197f2bc6ee9e28) Importer(815301076,1909f56bfc062723c751e8b465ee728b)  -> (artifact id: '251d948b738b351c823fe1b4f28b759f') in 0.015831 seconds 
  Import took 0.019561 seconds .

========================================================================
Received Import Request.
  Time since last request: 0.000207 seconds.
  path: Assets/Oculus/SampleFramework/Usage/HandsTrainExample/TrainScene/Lightmap-28_comp_dir.png
  artifactKey: Guid(d038d6b7c2b7e8c4fa39bf5762f3bd64) Importer(815301076,1909f56bfc062723c751e8b465ee728b)
Start importing Assets/Oculus/SampleFramework/Usage/HandsTrainExample/TrainScene/Lightmap-28_comp_dir.png using Guid(d038d6b7c2b7e8c4fa39bf5762f3bd64) Importer(815301076,1909f56bfc062723c751e8b465ee728b)  -> (artifact id: '17ebfa5d65eab2f65b0536da26f5ee89') in 0.018239 seconds 
  Import took 0.021879 seconds .

========================================================================
Received Import Request.
  Time since last request: 0.000177 seconds.
  path: Assets/Oculus/SampleFramework/Usage/HandsTrainExample/TrainScene/Lightmap-36_comp_light.exr
  artifactKey: Guid(29f91df4d499e964aac915afaa33c14f) Importer(815301076,1909f56bfc062723c751e8b465ee728b)
Start importing Assets/Oculus/SampleFramework/Usage/HandsTrainExample/TrainScene/Lightmap-36_comp_light.exr using Guid(29f91df4d499e964aac915afaa33c14f) Importer(815301076,1909f56bfc062723c751e8b465ee728b)  -> (artifact id: 'd029f7eada38635d754797756b9e91f0') in 0.018148 seconds 
  Import took 0.021410 seconds .

========================================================================
Received Import Request.
  Time since last request: 0.000210 seconds.
  path: Assets/Oculus/SampleFramework/Usage/HandsTrainExample/TrainScene/Lightmap-15_comp_shadowmask.png
  artifactKey: Guid(ea192a2124ab1b442ab8230899d1f4e2) Importer(815301076,1909f56bfc062723c751e8b465ee728b)
Start importing Assets/Oculus/SampleFramework/Usage/HandsTrainExample/TrainScene/Lightmap-15_comp_shadowmask.png using Guid(ea192a2124ab1b442ab8230899d1f4e2) Importer(815301076,1909f56bfc062723c751e8b465ee728b)  -> (artifact id: 'd87dc80e9985e57ab327ad4e7529ba94') in 0.018639 seconds 
  Import took 0.022118 seconds .

========================================================================
Received Import Request.
  Time since last request: 0.000272 seconds.
  path: Assets/Oculus/SampleFramework/Usage/HandsTrainExample/TrainScene/Lightmap-27_comp_light.exr
  artifactKey: Guid(538a2a5b9ec968e44a232e3e5236a7dc) Importer(815301076,1909f56bfc062723c751e8b465ee728b)
Start importing Assets/Oculus/SampleFramework/Usage/HandsTrainExample/TrainScene/Lightmap-27_comp_light.exr using Guid(538a2a5b9ec968e44a232e3e5236a7dc) Importer(815301076,1909f56bfc062723c751e8b465ee728b)  -> (artifact id: '4d10cae369242f9781643ea9d2b5c7e9') in 0.017042 seconds 
  Import took 0.019815 seconds .

========================================================================
Received Import Request.
  Time since last request: 0.000181 seconds.
  path: Assets/Oculus/SampleFramework/Usage/HandsTrainExample/TrainScene/Lightmap-22_comp_dir.png
  artifactKey: Guid(4a41d3ecd29c99b41af3add4952d57b2) Importer(815301076,1909f56bfc062723c751e8b465ee728b)
Start importing Assets/Oculus/SampleFramework/Usage/HandsTrainExample/TrainScene/Lightmap-22_comp_dir.png using Guid(4a41d3ecd29c99b41af3add4952d57b2) Importer(815301076,1909f56bfc062723c751e8b465ee728b)  -> (artifact id: '7b85904ae8a70378289cb3f90605dfd1') in 0.018758 seconds 
  Import took 0.021943 seconds .

========================================================================
Received Import Request.
  Time since last request: 0.000154 seconds.
  path: Assets/Oculus/SampleFramework/Usage/HandsTrainExample/TrainScene/Lightmap-23_comp_shadowmask.png
  artifactKey: Guid(02a8c30682e9f564c8caeaad9907abc4) Importer(815301076,1909f56bfc062723c751e8b465ee728b)
Start importing Assets/Oculus/SampleFramework/Usage/HandsTrainExample/TrainScene/Lightmap-23_comp_shadowmask.png using Guid(02a8c30682e9f564c8caeaad9907abc4) Importer(815301076,1909f56bfc062723c751e8b465ee728b)  -> (artifact id: '444b9bdc82b7ea966ae7dc88c3010c8d') in 0.018764 seconds 
  Import took 0.022032 seconds .

========================================================================
Received Import Request.
  Time since last request: 0.000268 seconds.
  path: Assets/Oculus/SampleFramework/Usage/HandsTrainExample/TrainScene/Lightmap-9_comp_light.exr
  artifactKey: Guid(bfda5fe457ad17047974e4c3e38fe644) Importer(815301076,1909f56bfc062723c751e8b465ee728b)
Start importing Assets/Oculus/SampleFramework/Usage/HandsTrainExample/TrainScene/Lightmap-9_comp_light.exr using Guid(bfda5fe457ad17047974e4c3e38fe644) Importer(815301076,1909f56bfc062723c751e8b465ee728b)  -> (artifact id: '0a04de3758e80a8058668def0be2a2ee') in 0.016877 seconds 
  Import took 0.019988 seconds .

========================================================================
Received Import Request.
  Time since last request: 0.000158 seconds.
  path: Assets/Oculus/SampleFramework/Usage/HandsTrainExample/TrainScene/Lightmap-29_comp_shadowmask.png
  artifactKey: Guid(aefbe176b27e6584eaa35f50bcc6e5ab) Importer(815301076,1909f56bfc062723c751e8b465ee728b)
Start importing Assets/Oculus/SampleFramework/Usage/HandsTrainExample/TrainScene/Lightmap-29_comp_shadowmask.png using Guid(aefbe176b27e6584eaa35f50bcc6e5ab) Importer(815301076,1909f56bfc062723c751e8b465ee728b)  -> (artifact id: 'd9a6da8260a1a96a4335fc7755ba624d') in 0.020087 seconds 
  Import took 0.023692 seconds .

========================================================================
Received Import Request.
  Time since last request: 0.000135 seconds.
  path: Assets/Oculus/SampleFramework/Usage/HandsTrainExample/TrainScene/Lightmap-36_comp_shadowmask.png
  artifactKey: Guid(2802602003becef4bb6697c3152f1e88) Importer(815301076,1909f56bfc062723c751e8b465ee728b)
Start importing Assets/Oculus/SampleFramework/Usage/HandsTrainExample/TrainScene/Lightmap-36_comp_shadowmask.png using Guid(2802602003becef4bb6697c3152f1e88) Importer(815301076,1909f56bfc062723c751e8b465ee728b)  -> (artifact id: 'c5c5c3e18f722f5c58e3abec42e3b636') in 0.018636 seconds 
  Import took 0.021721 seconds .

========================================================================
Received Import Request.
  Time since last request: 0.000202 seconds.
  path: Assets/Oculus/SampleFramework/Usage/HandsTrainExample/TrainScene/Lightmap-18_comp_shadowmask.png
  artifactKey: Guid(2d4fe8bea81874d45b1f8ab930dc0979) Importer(815301076,1909f56bfc062723c751e8b465ee728b)
Start importing Assets/Oculus/SampleFramework/Usage/HandsTrainExample/TrainScene/Lightmap-18_comp_shadowmask.png using Guid(2d4fe8bea81874d45b1f8ab930dc0979) Importer(815301076,1909f56bfc062723c751e8b465ee728b)  -> (artifact id: '78bcd2cac4fc5cb83dd1087de75b6a69') in 0.018833 seconds 
  Import took 0.022784 seconds .

========================================================================
Received Import Request.
  Time since last request: 0.000209 seconds.
  path: Assets/Oculus/SampleFramework/Usage/HandsTrainExample/TrainScene/Lightmap-33_comp_dir.png
  artifactKey: Guid(a7e88ac921d00ab4286c7c000a42c7f2) Importer(815301076,1909f56bfc062723c751e8b465ee728b)
Start importing Assets/Oculus/SampleFramework/Usage/HandsTrainExample/TrainScene/Lightmap-33_comp_dir.png using Guid(a7e88ac921d00ab4286c7c000a42c7f2) Importer(815301076,1909f56bfc062723c751e8b465ee728b)  -> (artifact id: '7ea1f2ba3307fb21fffc92a0102a5253') in 0.020653 seconds 
  Import took 0.024185 seconds .

========================================================================
Received Import Request.
  Time since last request: 0.000231 seconds.
  path: Assets/Oculus/SampleFramework/Usage/HandsTrainExample/TrainScene/Lightmap-14_comp_shadowmask.png
  artifactKey: Guid(972b388f8bb72aa4690f9610df0914ee) Importer(815301076,1909f56bfc062723c751e8b465ee728b)
Start importing Assets/Oculus/SampleFramework/Usage/HandsTrainExample/TrainScene/Lightmap-14_comp_shadowmask.png using Guid(972b388f8bb72aa4690f9610df0914ee) Importer(815301076,1909f56bfc062723c751e8b465ee728b)  -> (artifact id: 'c56407922730a200d9052bbce4639dc1') in 0.019484 seconds 
  Import took 0.022462 seconds .

========================================================================
Received Import Request.
  Time since last request: 0.000173 seconds.
  path: Assets/Oculus/SampleFramework/Usage/HandsTrainExample/TrainScene/Lightmap-11_comp_dir.png
  artifactKey: Guid(88db0434e7fd3ce43bc58771a80eda60) Importer(815301076,1909f56bfc062723c751e8b465ee728b)
Start importing Assets/Oculus/SampleFramework/Usage/HandsTrainExample/TrainScene/Lightmap-11_comp_dir.png using Guid(88db0434e7fd3ce43bc58771a80eda60) Importer(815301076,1909f56bfc062723c751e8b465ee728b)  -> (artifact id: '6ce9c536c18d462d4cb852e3ba1c9bf2') in 0.017878 seconds 
  Import took 0.021276 seconds .

========================================================================
Received Import Request.
  Time since last request: 0.000172 seconds.
  path: Assets/Oculus/SampleFramework/Usage/HandsTrainExample/TrainScene/Lightmap-30_comp_dir.png
  artifactKey: Guid(44652a245e2bac243a38762376eff290) Importer(815301076,1909f56bfc062723c751e8b465ee728b)
Start importing Assets/Oculus/SampleFramework/Usage/HandsTrainExample/TrainScene/Lightmap-30_comp_dir.png using Guid(44652a245e2bac243a38762376eff290) Importer(815301076,1909f56bfc062723c751e8b465ee728b)  -> (artifact id: '24cdea5113fe3a8d9572db97d70b4c12') in 0.038977 seconds 
  Import took 0.042010 seconds .

========================================================================
Received Import Request.
  Time since last request: 0.000258 seconds.
  path: Assets/Oculus/SampleFramework/Usage/HandsTrainExample/TrainScene/Lightmap-27_comp_shadowmask.png
  artifactKey: Guid(9e5e0737552048c4a898f585d179fc13) Importer(815301076,1909f56bfc062723c751e8b465ee728b)
Start importing Assets/Oculus/SampleFramework/Usage/HandsTrainExample/TrainScene/Lightmap-27_comp_shadowmask.png using Guid(9e5e0737552048c4a898f585d179fc13) Importer(815301076,1909f56bfc062723c751e8b465ee728b)  -> (artifact id: 'f38ab4aa6ddc4be98a8a03ad69be22d4') in 0.017723 seconds 
  Import took 0.020662 seconds .

========================================================================
Received Import Request.
  Time since last request: 0.000160 seconds.
  path: Assets/Oculus/SampleFramework/Usage/HandsTrainExample/TrainScene/Lightmap-36_comp_dir.png
  artifactKey: Guid(d18780c2136c521429736466124b7bfc) Importer(815301076,1909f56bfc062723c751e8b465ee728b)
Start importing Assets/Oculus/SampleFramework/Usage/HandsTrainExample/TrainScene/Lightmap-36_comp_dir.png using Guid(d18780c2136c521429736466124b7bfc) Importer(815301076,1909f56bfc062723c751e8b465ee728b)  -> (artifact id: 'de0672769ee6bf047e095f5d3eeefc32') in 0.017347 seconds 
  Import took 0.020359 seconds .

========================================================================
Received Import Request.
  Time since last request: 0.000181 seconds.
  path: Assets/Oculus/SampleFramework/Usage/HandsTrainExample/TrainScene/Lightmap-39_comp_light.exr
  artifactKey: Guid(dd424108d55236d448b869cefa9030cb) Importer(815301076,1909f56bfc062723c751e8b465ee728b)
Start importing Assets/Oculus/SampleFramework/Usage/HandsTrainExample/TrainScene/Lightmap-39_comp_light.exr using Guid(dd424108d55236d448b869cefa9030cb) Importer(815301076,1909f56bfc062723c751e8b465ee728b)  -> (artifact id: '5289e3fe830e8cb90d5561ab9544c218') in 0.016362 seconds 
  Import took 0.019558 seconds .

========================================================================
Received Import Request.
  Time since last request: 0.000188 seconds.
  path: Assets/Oculus/SampleFramework/Usage/HandsTrainExample/TrainScene/Lightmap-14_comp_dir.png
  artifactKey: Guid(2bb867a6fd6122a4ea48e21b956a4cc2) Importer(815301076,1909f56bfc062723c751e8b465ee728b)
Start importing Assets/Oculus/SampleFramework/Usage/HandsTrainExample/TrainScene/Lightmap-14_comp_dir.png using Guid(2bb867a6fd6122a4ea48e21b956a4cc2) Importer(815301076,1909f56bfc062723c751e8b465ee728b)  -> (artifact id: 'f8dac8bd97ab8e466cbca8b5b0ddb107') in 0.015151 seconds 
  Import took 0.018185 seconds .

========================================================================
Received Import Request.
  Time since last request: 0.000188 seconds.
  path: Assets/Oculus/SampleFramework/Usage/HandsTrainExample/TrainScene/Lightmap-13_comp_light.exr
  artifactKey: Guid(a8a84937480a506428ad879fd23865da) Importer(815301076,1909f56bfc062723c751e8b465ee728b)
Start importing Assets/Oculus/SampleFramework/Usage/HandsTrainExample/TrainScene/Lightmap-13_comp_light.exr using Guid(a8a84937480a506428ad879fd23865da) Importer(815301076,1909f56bfc062723c751e8b465ee728b)  -> (artifact id: '9195f18377f9bc8d7dd87f649ecd734b') in 0.016731 seconds 
  Import took 0.019718 seconds .

========================================================================
Received Import Request.
  Time since last request: 0.000152 seconds.
  path: Assets/Oculus/SampleFramework/Usage/HandsTrainExample/TrainScene/Lightmap-10_comp_shadowmask.png
  artifactKey: Guid(889f61ac459c7c2449c713969e14bf84) Importer(815301076,1909f56bfc062723c751e8b465ee728b)
Start importing Assets/Oculus/SampleFramework/Usage/HandsTrainExample/TrainScene/Lightmap-10_comp_shadowmask.png using Guid(889f61ac459c7c2449c713969e14bf84) Importer(815301076,1909f56bfc062723c751e8b465ee728b)  -> (artifact id: '05d4249375dbffd0848042eaec243152') in 0.016412 seconds 
  Import took 0.019208 seconds .

========================================================================
Received Import Request.
  Time since last request: 39.547503 seconds.
  path: Assets/Oculus/SampleFramework/Usage/HandsInteractionTrainScene.unity
  artifactKey: Guid(a9c41884ef0c347628dfd8a4af4a022e) Importer(815301076,1909f56bfc062723c751e8b465ee728b)
Start importing Assets/Oculus/SampleFramework/Usage/HandsInteractionTrainScene.unity using Guid(a9c41884ef0c347628dfd8a4af4a022e) Importer(815301076,1909f56bfc062723c751e8b465ee728b)  -> (artifact id: 'd56f5c7a1b9449fec644bad2acaae45d') in 0.006648 seconds 
  Import took 0.009841 seconds .

========================================================================
Received Prepare
Shader 'Oculus/OVRMRCameraFrameLit': fallback shader 'Alpha-Diffuse' not found
Refreshing native plugins compatible for Editor in 10.86 ms, found 6 plugins.
Preloading 1 native plugins for Editor in 0.11 ms.
Unloading 36 Unused Serialized files (Serialized files now loaded: 0)
System memory in use before: 58.2 MB.
System memory in use after: 58.3 MB.

Unloading 36 unused Assets to reduce memory usage. Loaded Objects now: 2538.
Total: 6.990800 ms (FindLiveObjects: 0.497700 ms CreateObjectMapping: 0.099600 ms MarkObjects: 6.345400 ms  DeleteObjects: 0.046700 ms)

AssetImportParameters requested are different than current active one (requested -> active):
  colorSpace: 1 -> 0
  custom:framework-win-MediaFoundation: 216162199b28c13a410421893ffa2e32 -> 
  custom:video-decoder-ogg-theora: a1e56fd34408186e4bbccfd4996cb3dc -> 
  custom:container-muxer-webm: aa71ff27fc2769a1b78a27578f13a17b -> 
  custom:container-demuxer-webm: 4f35f7cbe854078d1ac9338744f61a02 -> 
  custom:container-demuxer-ogg: 62fdf1f143b41e24485cea50d1cbac27 -> 
  custom:video-encoder-webm-vp8: eb34c28f22e8b96e1ab97ce403110664 -> 
  custom:video-decoder-webm-vp8: 9c59270c3fd7afecdb556c50c9e8de78 -> 
  custom:audio-decoder-ogg-vorbis: bf7c407c2cedff20999df2af8eb42d56 -> 
  custom:audio-encoder-webm-vorbis: bf7c407c2cedff20999df2af8eb42d56 -> 
========================================================================
Received Prepare
Shader 'Oculus/OVRMRCameraFrameLit': fallback shader 'Alpha-Diffuse' not found
Refreshing native plugins compatible for Editor in 8.70 ms, found 6 plugins.
Preloading 1 native plugins for Editor in 0.06 ms.
Unloading 36 Unused Serialized files (Serialized files now loaded: 0)
System memory in use before: 57.3 MB.
System memory in use after: 57.5 MB.

Unloading 36 unused Assets to reduce memory usage. Loaded Objects now: 2538.
Total: 3.948000 ms (FindLiveObjects: 0.245500 ms CreateObjectMapping: 0.056900 ms MarkObjects: 3.607600 ms  DeleteObjects: 0.036800 ms)

AssetImportParameters requested are different than current active one (requested -> active):
  custom:framework-win-MediaFoundation: 216162199b28c13a410421893ffa2e32 -> 
  custom:video-decoder-ogg-theora: a1e56fd34408186e4bbccfd4996cb3dc -> 
  custom:container-muxer-webm: aa71ff27fc2769a1b78a27578f13a17b -> 
  custom:container-demuxer-webm: 4f35f7cbe854078d1ac9338744f61a02 -> 
  custom:container-demuxer-ogg: 62fdf1f143b41e24485cea50d1cbac27 -> 
  custom:video-encoder-webm-vp8: eb34c28f22e8b96e1ab97ce403110664 -> 
  custom:video-decoder-webm-vp8: 9c59270c3fd7afecdb556c50c9e8de78 -> 
  custom:audio-decoder-ogg-vorbis: bf7c407c2cedff20999df2af8eb42d56 -> 
  custom:audio-encoder-webm-vorbis: bf7c407c2cedff20999df2af8eb42d56 -> 
========================================================================
Received Import Request.
  Time since last request: 835.494821 seconds.
  path: Assets/Oculus/OculusProjectConfig.asset
  artifactKey: Guid(5b2439173c43caf4d8117dd088d87fca) Importer(815301076,1909f56bfc062723c751e8b465ee728b)
Start importing Assets/Oculus/OculusProjectConfig.asset using Guid(5b2439173c43caf4d8117dd088d87fca) Importer(815301076,1909f56bfc062723c751e8b465ee728b)  -> (artifact id: '1795f70e4592c8de0734a03e11144285') in 0.012992 seconds 
  Import took 0.016758 seconds .

========================================================================
Received Prepare
Shader 'Oculus/OVRMRCameraFrameLit': fallback shader 'Alpha-Diffuse' not found
Refreshing native plugins compatible for Editor in 9.02 ms, found 6 plugins.
Preloading 1 native plugins for Editor in 0.06 ms.
Unloading 36 Unused Serialized files (Serialized files now loaded: 0)
System memory in use before: 57.4 MB.
System memory in use after: 57.5 MB.

Unloading 36 unused Assets to reduce memory usage. Loaded Objects now: 2538.
Total: 4.081200 ms (FindLiveObjects: 0.216100 ms CreateObjectMapping: 0.046900 ms MarkObjects: 3.793100 ms  DeleteObjects: 0.023700 ms)

AssetImportParameters requested are different than current active one (requested -> active):
  custom:framework-win-MediaFoundation: 216162199b28c13a410421893ffa2e32 -> 
  custom:video-decoder-ogg-theora: a1e56fd34408186e4bbccfd4996cb3dc -> 
  custom:container-muxer-webm: aa71ff27fc2769a1b78a27578f13a17b -> 
  custom:container-demuxer-webm: 4f35f7cbe854078d1ac9338744f61a02 -> 
  custom:container-demuxer-ogg: 62fdf1f143b41e24485cea50d1cbac27 -> 
  custom:video-encoder-webm-vp8: eb34c28f22e8b96e1ab97ce403110664 -> 
  custom:video-decoder-webm-vp8: 9c59270c3fd7afecdb556c50c9e8de78 -> 
  custom:audio-decoder-ogg-vorbis: bf7c407c2cedff20999df2af8eb42d56 -> 
  custom:audio-encoder-webm-vorbis: bf7c407c2cedff20999df2af8eb42d56 -> 
========================================================================
Received Prepare
Shader 'Oculus/OVRMRCameraFrameLit': fallback shader 'Alpha-Diffuse' not found
Refreshing native plugins compatible for Editor in 10.86 ms, found 6 plugins.
Preloading 1 native plugins for Editor in 0.06 ms.
Unloading 36 Unused Serialized files (Serialized files now loaded: 0)
System memory in use before: 57.4 MB.
System memory in use after: 57.5 MB.

Unloading 36 unused Assets to reduce memory usage. Loaded Objects now: 2538.
Total: 4.456000 ms (FindLiveObjects: 0.236700 ms CreateObjectMapping: 0.048200 ms MarkObjects: 4.145900 ms  DeleteObjects: 0.024200 ms)

AssetImportParameters requested are different than current active one (requested -> active):
  custom:framework-win-MediaFoundation: 216162199b28c13a410421893ffa2e32 -> 
  custom:video-decoder-ogg-theora: a1e56fd34408186e4bbccfd4996cb3dc -> 
  custom:container-muxer-webm: aa71ff27fc2769a1b78a27578f13a17b -> 
  custom:container-demuxer-webm: 4f35f7cbe854078d1ac9338744f61a02 -> 
  custom:container-demuxer-ogg: 62fdf1f143b41e24485cea50d1cbac27 -> 
  custom:video-encoder-webm-vp8: eb34c28f22e8b96e1ab97ce403110664 -> 
  custom:video-decoder-webm-vp8: 9c59270c3fd7afecdb556c50c9e8de78 -> 
  custom:audio-decoder-ogg-vorbis: bf7c407c2cedff20999df2af8eb42d56 -> 
  custom:audio-encoder-webm-vorbis: bf7c407c2cedff20999df2af8eb42d56 -> 
